scripts/kconfig/conf  --silentoldconfig Kconfig
  CHK     include/config/kernel.release
  CHK     include/generated/uapi/linux/version.h
  CHK     include/generated/utsrelease.h
  HOSTCC  scripts/kallsyms
  CC      scripts/mod/empty.o
  HOSTCC  scripts/mod/mk_elfconfig
  HOSTCC  scripts/sortextable
  HOSTCC  scripts/selinux/mdp/mdp
  HOSTCC  scripts/selinux/genheaders/genheaders
  HOSTCC  scripts/dtc/dtc.o
  CC      scripts/mod/devicetable-offsets.s
  MKELF   scripts/mod/elfconfig.h
  HOSTCC  scripts/dtc/flattree.o
  HOSTCC  scripts/mod/modpost.o
  HOSTCC  scripts/dtc/fstree.o
  GEN     scripts/mod/devicetable-offsets.h
  HOSTCC  scripts/mod/sumversion.o
  HOSTCC  scripts/dtc/data.o
  HOSTCC  scripts/dtc/livetree.o
  CC      kernel/bounds.s
  HOSTCC  scripts/dtc/treesource.o
  HOSTCC  scripts/dtc/srcpos.o
  GEN     include/generated/bounds.h
  CC      arch/arm64/kernel/asm-offsets.s
  HOSTCC  scripts/dtc/checks.o
  HOSTCC  scripts/mod/file2alias.o
  HOSTCC  scripts/dtc/util.o
  HOSTCC  scripts/dtc/dtc-lexer.lex.o
  HOSTCC  scripts/dtc/dtc-parser.tab.o
  GEN     include/generated/asm-offsets.h
  CALL    scripts/checksyscalls.sh
  HOSTLD  scripts/dtc/dtc
  HOSTLD  scripts/mod/modpost
  LDS     arch/arm64/kernel/vdso/vdso.lds
  VDSOA   arch/arm64/kernel/vdso/gettimeofday.o
  VDSOA   arch/arm64/kernel/vdso/note.o
  VDSOA   arch/arm64/kernel/vdso/sigreturn.o
  VDSOL   arch/arm64/kernel/vdso/vdso.so.dbg
  VDSOSYM include/generated/vdso-offsets.h
  CC      init/main.o
  CHK     include/generated/compile.h
  CC      init/do_mounts.o
  CC      init/do_mounts_rd.o
  CC      init/do_mounts_initrd.o
  CC      init/do_mounts_dm.o
  CC      init/noinitramfs.o
  HOSTCC  usr/gen_init_cpio
  CC      init/initramfs.o
  GEN     usr/initramfs_data.cpio.gz
  CC      init/calibrate.o
  AS      usr/initramfs_data.o
  CC      arch/arm64/kernel/debug-monitors.o
  CC      init/init_task.o
  LD      usr/built-in.o
  CC      init/version.o
  AS      arch/arm64/kernel/entry.o
  CC      arch/arm64/kernel/irq.o
  CC      arch/arm64/mm/dma-mapping.o
  CC      arch/arm64/kernel/fpsimd.o
  CC      arch/arm64/mm/extable.o
  LD      init/mounts.o
  CC      arch/arm64/mm/fault.o
  LD      init/built-in.o
  AS      arch/arm64/kernel/entry-fpsimd.o
  CC      arch/arm64/kernel/process.o
  LD      arch/arm64/net/built-in.o
  CC      arch/arm64/mm/init.o
  CC      arch/arm64/kernel/ptrace.o
  CC      arch/arm64/crypto/sha1-ce-glue.o
  CC      arch/arm64/kernel/setup.o
  AS      arch/arm64/mm/cache.o
  CC      arch/arm64/mm/copypage.o
  CC      arch/arm64/mm/flush.o
  AS      arch/arm64/crypto/sha1-ce-core.o
  CC      arch/arm64/mm/ioremap.o
  CC      arch/arm64/kernel/signal.o
  CC      arch/arm64/kernel/sys.o
  CC      arch/arm64/mm/mmap.o
  CC      arch/arm64/crypto/sha2-ce-glue.o
  CC      arch/arm64/mm/pgd.o
  CC      arch/arm64/mm/mmu.o
  CC      arch/arm64/mm/context.o
  CC      arch/arm64/kernel/stacktrace.o
  AS      arch/arm64/mm/proc.o
  CC      arch/arm64/kernel/time.o
  AS      arch/arm64/crypto/sha2-ce-core.o
  CC      arch/arm64/mm/pageattr.o
  CC      arch/arm64/kernel/traps.o
  CC      arch/arm64/crypto/ghash-ce-glue.o
  CC      arch/arm64/kernel/io.o
  CC      arch/arm64/kernel/vdso.o
  CC      kernel/fork.o
  AS      arch/arm64/crypto/ghash-ce-core.o
  LD      arch/arm64/mm/built-in.o
  AS      arch/arm64/kernel/hyp-stub.o
  CC      arch/arm64/kernel/psci.o
  CC      arch/arm64/crypto/aes-ce-cipher.o
  CC      arch/arm64/kernel/cpu_ops.o
  CC      mm/filemap.o
  CC      arch/arm64/kernel/insn.o
  CC      arch/arm64/kernel/return_address.o
  CC      arch/arm64/crypto/aes-ce-ccm-glue.o
  CC      arch/arm64/kernel/cpuinfo.o
  AS      arch/arm64/crypto/aes-ce-ccm-core.o
  CC      arch/arm64/kernel/cpu_errata.o
  CC      arch/arm64/kernel/cpufeature.o
  CC      arch/arm64/crypto/aes-glue-ce.o
  CC      arch/arm64/kernel/alternative.o
  AS      arch/arm64/crypto/aes-ce.o
  AS      arch/arm64/kernel/psci-call.o
  CC      arch/arm64/kernel/smp.o
  CC      arch/arm64/kernel/smp_spin_table.o
  CC      arch/arm64/crypto/aes-glue-neon.o
  CC      arch/arm64/kernel/topology.o
  CC      arch/arm64/kernel/cacheinfo.o
  AS      arch/arm64/crypto/aes-neon.o
  LD      arch/arm64/crypto/sha1-ce.o
  LD      arch/arm64/crypto/sha2-ce.o
  LD      arch/arm64/crypto/ghash-ce.o
  LD      arch/arm64/crypto/aes-ce-ccm.o
  CC      mm/mempool.o
  LD      arch/arm64/crypto/aes-ce-blk.o
  AS      arch/arm64/kernel/sys32.o
  CC      kernel/exec_domain.o
  AS      arch/arm64/kernel/kuser32.o
  LD      arch/arm64/crypto/aes-neon-blk.o
  LD      arch/arm64/crypto/built-in.o
  CC      kernel/panic.o
  CC      mm/oom_kill.o
  CC      arch/arm64/kernel/signal32.o
  CC      arch/arm64/kernel/sys_compat.o
  CC      fs/open.o
  CC      arch/arm64/kernel/../../arm/kernel/opcodes.o
  CC      kernel/cpu.o
  CC      arch/arm64/kernel/arm64ksyms.o
  CC      arch/arm64/kernel/module.o
  CC      mm/maccess.o
  CC      arch/arm64/kernel/perf_regs.o
  CC      kernel/exit.o
  CC      mm/page_alloc.o
  CC      mm/page-writeback.o
  CC      arch/arm64/kernel/perf_event.o
  CC      fs/read_write.o
  CC      arch/arm64/kernel/perf_debug.o
  CC      arch/arm64/kernel/perf_trace_counters.o
  CC      kernel/softirq.o
  CC      arch/arm64/kernel/perf_trace_user.o
  CC      arch/arm64/kernel/hw_breakpoint.o
  CC      kernel/resource.o
  AS      arch/arm64/kernel/sleep.o
  CC      fs/file_table.o
  CC      arch/arm64/kernel/suspend.o
  CC      arch/arm64/kernel/cpuidle.o
  CC      mm/readahead.o
  CC      kernel/sysctl.o
  CC      arch/arm64/kernel/efi.o
  CC      fs/super.o
  CC      arch/arm64/kernel/efi-stub.o
  AS      arch/arm64/kernel/efi-entry.o
  CC      kernel/sysctl_binary.o
  CC      arch/arm64/kernel/pci.o
  CC      mm/swap.o
  CC      arch/arm64/kernel/armv8_deprecated.o
  CC      arch/arm64/kernel/app_api.o
  CC      arch/arm64/kernel/app_setting.o
  CC      mm/truncate.o
  CC      kernel/capability.o
  CC      fs/char_dev.o
  AS      arch/arm64/kernel/head.o
  CC      kernel/ptrace.o
  OBJCOPY arch/arm64/kernel/vdso/vdso.so
  AS      arch/arm64/kernel/vdso/vdso.o
  LDS     arch/arm64/kernel/vmlinux.lds
  CC      fs/stat.o
  LD      arch/arm64/kernel/vdso/built-in.o
  CC      kernel/user.o
  LD      arch/arm64/kernel/built-in.o
  CC      kernel/signal.o
  CC      fs/exec.o
  CC      fs/pipe.o
  LD      ipc/built-in.o
  CC      mm/vmscan.o
  CC      security/commoncap.o
  CC      kernel/sys.o
  CC      kernel/kmod.o
  CC      fs/namei.o
  CC      fs/fcntl.o
  CC      fs/ioctl.o
  CC      kernel/workqueue.o
  CC      security/min_addr.o
  CC      security/security.o
  CC      kernel/pid.o
  CC      fs/readdir.o
  CC      fs/select.o
  CC      kernel/task_work.o
  CC      kernel/extable.o
  CC      fs/dcache.o
  CC      mm/shmem.o
  CC      kernel/params.o
  CC      security/capability.o
  CC      kernel/kthread.o
  CC      fs/inode.o
  CC      fs/attr.o
  CC      kernel/sys_ni.o
  CC      kernel/nsproxy.o
  CC      kernel/notifier.o
  LD      security/pfe/built-in.o
  CC      kernel/ksysfs.o
  GEN     security/selinux/flask.h security/selinux/av_permissions.h
  CC      security/selinux/avc.o
  CC      kernel/cred.o
  CC      fs/bad_inode.o
  CC      kernel/reboot.o
  CC      kernel/async.o
  CC      fs/file.o
  CC      fs/filesystems.o
  CC      fs/namespace.o
  CC      kernel/range.o
  CC      kernel/groups.o
  CC      mm/util.o
  CC      kernel/smpboot.o
  CC      kernel/bpf/core.o
  CC      fs/seq_file.o
  CC      security/selinux/hooks.o
  CC      kernel/events/core.o
  CC      fs/xattr.o
  CC      mm/mmzone.o
  CC      kernel/irq/irqdesc.o
  CC      fs/libfs.o
  CC      mm/vmstat.o
  LD      kernel/bpf/built-in.o
  CC      kernel/locking/mutex.o
  CC      kernel/irq/handle.o
  CC      fs/fs-writeback.o
  CC      fs/pnode.o
  CC      kernel/irq/manage.o
  CC      kernel/locking/semaphore.o
  CC      mm/backing-dev.o
  CC      fs/splice.o
  CC      kernel/locking/rwsem.o
  CC      fs/sync.o
  CC      kernel/irq/spurious.o
  CC      kernel/locking/mcs_spinlock.o
  CC      mm/mm_init.o
  CC      fs/utimes.o
  CC      kernel/locking/spinlock.o
  CC      mm/mmu_context.o
  CC      kernel/irq/resend.o
  CC      mm/percpu.o
  CC      kernel/locking/lglock.o
  CC      fs/stack.o
  CC      security/selinux/selinuxfs.o
  CC      kernel/irq/chip.o
  CC      fs/fs_struct.o
  CC      fs/statfs.o
  CC      kernel/locking/rtmutex.o
  CC      fs/fs_pin.o
  CC      kernel/events/ring_buffer.o
  CC      fs/buffer.o
  CC      kernel/irq/dummychip.o
  CC      fs/block_dev.o
  CC      kernel/locking/rwsem-xadd.o
  CC      fs/direct-io.o
  CC      mm/slab_common.o
  CC      kernel/events/callchain.o
  CC      kernel/irq/devres.o
  CC      security/selinux/netlink.o
  LD      kernel/locking/built-in.o
  CC      kernel/power/qos.o
  CC      security/selinux/nlmsgtab.o
  CC      kernel/irq/autoprobe.o
  CC      kernel/events/hw_breakpoint.o
  CC      security/selinux/netif.o
  CC      fs/mpage.o
  CC      kernel/irq/irqdomain.o
  LD      kernel/events/built-in.o
  CC      kernel/power/main.o
  CC      kernel/printk/printk.o
  CC      fs/proc_namespace.o
  CC      fs/configfs/inode.o
  CC      mm/compaction.o
  CC      security/selinux/netnode.o
  CC      kernel/irq/proc.o
  CC      fs/debugfs/inode.o
  CC      kernel/power/process.o
  CC      fs/configfs/file.o
  CC      fs/devpts/inode.o
  CC      kernel/irq/pm.o
  CC      fs/debugfs/file.o
  CC      fs/configfs/dir.o
  CC      security/selinux/netport.o
  CC      mm/vmacache.o
  CC      kernel/irq/msi.o
  CC      kernel/power/suspend.o
  LD      fs/devpts/devpts.o
  LD      fs/devpts/built-in.o
  CC      security/lsm_audit.o
  CC      mm/interval_tree.o
  LD      kernel/printk/built-in.o
  CC      kernel/rcu/update.o
  LD      kernel/irq/built-in.o
  CC      kernel/sched/core.o
  LD      fs/debugfs/debugfs.o
  LD      fs/debugfs/built-in.o
  CC      fs/exfat/exfat_core.o
  CC      fs/configfs/symlink.o
  CC      security/selinux/exports.o
  CC      mm/list_lru.o
  CC      kernel/rcu/srcu.o
  CC      kernel/power/autosleep.o
  CC      kernel/power/wakelock.o
  CC      security/selinux/ss/ebitmap.o
  CC      fs/configfs/mount.o
  CC      mm/workingset.o
  CC      kernel/rcu/tree.o
  CC      kernel/power/poweroff.o
  CC      kernel/power/wakeup_reason.o
  CC      mm/iov_iter.o
  CC      fs/exfat/exfat_super.o
  CC      fs/configfs/item.o
  CC      security/selinux/ss/hashtab.o
  LD      fs/configfs/configfs.o
  LD      kernel/power/built-in.o
  LD      fs/configfs/built-in.o
  LD      fs/exofs/built-in.o
  HZFILE  kernel/time/hz.bc
  CC      kernel/time/timer.o
  CC      fs/ext4/balloc.o
  CC      security/selinux/ss/symtab.o
  CC      mm/debug.o
  CC      security/selinux/ss/sidtab.o
  CC      fs/exfat/exfat_api.o
  CC      fs/exfat/exfat_blkdev.o
  CC      mm/fremap.o
  LD      kernel/rcu/built-in.o
  CC      kernel/trace/trace_clock.o
  CC      fs/ext4/bitmap.o
  CC      security/selinux/ss/avtab.o
  CC      mm/gup.o
  CC      kernel/trace/ring_buffer.o
  CC      fs/exfat/exfat_cache.o
  CC      fs/exfat/exfat_data.o
  CC      kernel/time/hrtimer.o
  CC      fs/ext4/dir.o
  CC      fs/exfat/exfat_bitmap.o
  CC      mm/highmem.o
  CC      fs/exfat/exfat_nls.o
  CC      security/selinux/ss/policydb.o
  CC      fs/exfat/exfat_oal.o
  CC      mm/memory.o
  CC      fs/ext4/file.o
  CC      fs/exfat/exfat_upcase.o
  CC      kernel/time/itimer.o
  CC      kernel/time/posix-timers.o
  LD      fs/exfat/exfat.o
  CC      kernel/trace/trace.o
  LD      fs/exfat/built-in.o
  CC      fs/f2fs/dir.o
  CC      kernel/time/posix-cpu-timers.o
  CC      fs/ext4/fsync.o
  CC      kernel/time/timekeeping.o
  CC      mm/mincore.o
  CC      fs/ext4/ialloc.o
  CC      kernel/time/ntp.o
  CC      kernel/time/clocksource.o
  CC      security/selinux/ss/services.o
  CC      fs/f2fs/file.o
  CC      mm/mlock.o
  CC      kernel/sched/fair.o
  CC      kernel/time/jiffies.o
  CC      kernel/time/timer_list.o
  CC      kernel/time/timeconv.o
  CC      mm/mmap.o
  CC      kernel/time/timecounter.o
  CC      fs/ext4/inode.o
  CC      kernel/time/posix-clock.o
  CC      kernel/time/alarmtimer.o
  CC      kernel/trace/trace_output.o
  CC      kernel/time/clockevents.o
  CC      kernel/time/tick-common.o
  CC      security/selinux/ss/conditional.o
  CC      fs/f2fs/inode.o
  CC      kernel/trace/trace_seq.o
  CC      mm/mprotect.o
  CC      kernel/time/tick-broadcast.o
  CC      kernel/time/tick-broadcast-hrtimer.o
  CC      kernel/trace/trace_stat.o
  CC      kernel/time/sched_clock.o
  CC      security/selinux/ss/mls.o
  CC      mm/mremap.o
  CC      kernel/time/tick-oneshot.o
  CC      kernel/time/tick-sched.o
  CC      kernel/trace/trace_printk.o
  CC      fs/f2fs/namei.o
  CC      kernel/time/timer_stats.o
  CC      mm/msync.o
  CC      kernel/sched/rt.o
  CC      security/selinux/ss/status.o
  CC      kernel/trace/trace_sched_switch.o
  CC      kernel/time/timekeeping_debug.o
  CC      mm/rmap.o
  BC      kernel/time/timeconst.h
  CC      fs/f2fs/hash.o
  CC      fs/ext4/page-io.o
  CC      kernel/time/time.o
  LD      security/selinux/selinux.o
  CC      kernel/trace/trace_cpu_freq_switch.o
  LD      security/selinux/built-in.o
  LD      security/built-in.o
  CC      fs/f2fs/super.o
  CC      fs/f2fs/inline.o
  CC      fs/ext4/ioctl.o
  CC      kernel/trace/trace_nop.o
  CC      crypto/api.o
  LD      kernel/time/built-in.o
  CC      mm/vmalloc.o
  CC      kernel/freezer.o
  CC      kernel/sched/proc.o
  CC      kernel/trace/blktrace.o
  CC      kernel/profile.o
  CC      fs/ext4/namei.o
  CC      kernel/sched/clock.o
  CC      crypto/cipher.o
  CC      fs/f2fs/checkpoint.o
  CC      kernel/sched/cputime.o
  CC      kernel/trace/trace_events.o
  CC      crypto/compress.o
  CC      kernel/stacktrace.o
  CC      mm/pagewalk.o
  CC      kernel/sched/idle_task.o
  CC      kernel/futex.o
  CC      crypto/memneq.o
  CC      kernel/sched/deadline.o
  CC      mm/pgtable-generic.o
  CC      crypto/crypto_wq.o
  CC      kernel/trace/trace_export.o
  CC      mm/process_vm_access.o
  CC      crypto/algapi.o
  CC      fs/f2fs/gc.o
  CC      kernel/futex_compat.o
  CC      kernel/sched/stop_task.o
  CC      fs/ext4/super.o
  CC      mm/showmem.o
  CC      fs/f2fs/data.o
  CC      kernel/trace/trace_event_perf.o
  CC      kernel/smp.o
  CC      crypto/scatterwalk.o
  CC      mm/vmpressure.o
  CC      kernel/sched/wait.o
  CC      kernel/trace/trace_events_filter.o
  CC      mm/init-mm.o
  CC      crypto/proc.o
  CC      fs/f2fs/node.o
  CC      mm/nobootmem.o
  CC      kernel/uid16.o
  CC      kernel/sched/completion.o
  CC      crypto/aead.o
  CC      kernel/sched/idle.o
  CC      mm/fadvise.o
  CC      kernel/module.o
  CC      kernel/trace/trace_events_trigger.o
  CC      kernel/sched/sched_avg.o
  CC      mm/madvise.o
  CC      crypto/ablkcipher.o
  CC      kernel/sched/cpupri.o
  CC      kernel/trace/power-traces.o
  CC      mm/memblock.o
  CC      fs/f2fs/segment.o
  CC      kernel/sched/cpudeadline.o
  CC      crypto/blkcipher.o
  CC      kernel/sched/cpuacct.o
  CC      fs/f2fs/recovery.o
  CC      mm/page_io.o
  CC      crypto/chainiv.o
  LD      kernel/sched/built-in.o
  CC      kernel/kallsyms.o
  CC      kernel/compat.o
  CC      crypto/eseqiv.o
  CC      mm/swap_state.o
  CC      kernel/cgroup.o
  CC      kernel/trace/rpm-traces.o
  CC      fs/f2fs/shrinker.o
  CC      crypto/seqiv.o
  CC      kernel/cgroup_freezer.o
  CC      mm/swapfile.o
  CC      fs/f2fs/extent_cache.o
  CC      kernel/trace/ipc_logging.o
  CC      crypto/ahash.o
  GZIP    kernel/config_data.gz
  CC      kernel/res_counter.o
  CC      kernel/trace/ipc_logging_debug.o
  CC      fs/f2fs/sysfs.o
  CC      crypto/shash.o
  LD      kernel/trace/built-in.o
  CC      fs/ext4/symlink.o
  CC      fs/f2fs/debug.o
  CC      kernel/stop_machine.o
  CC      kernel/audit.o
  CC      mm/swap_ratio.o
  CC      fs/ext4/hash.o
  CC      kernel/auditfilter.o
  CC      crypto/pcompress.o
  CC      fs/f2fs/xattr.o
  CC      mm/dmapool.o
  CC      fs/f2fs/acl.o
  CC      kernel/seccomp.o
  CC      fs/ext4/resize.o
  CC      crypto/algboss.o
  CC      mm/sparse.o
  CC      fs/fat/cache.o
  CC      kernel/relay.o
  CC      kernel/utsname_sysctl.o
  CC      mm/sparse-vmemmap.o
  LD      fs/f2fs/f2fs.o
  LD      fs/f2fs/built-in.o
  CC      fs/fuse/dev.o
  CC      kernel/taskstats.o
  CC      mm/slub.o
  CC      fs/fat/dir.o
  CC      crypto/testmgr.o
  CC      mm/migrate.o
  CC      kernel/tsacct.o
  CC      fs/ext4/extents.o
  CC      crypto/hmac.o
  CC      kernel/tracepoint.o
  CC      kernel/elfcore.o
  CC      crypto/xcbc.o
  CC      fs/fuse/dir.o
  CC      kernel/irq_work.o
  CC      mm/page_isolation.o
  CC      fs/fat/fatent.o
  CC      kernel/cpu_pm.o
  CC      crypto/crypto_null.o
  CC      mm/zsmalloc.o
  CC      mm/early_ioremap.o
  CHK     kernel/config_data.h
  UPD     kernel/config_data.h
  CC      fs/fat/file.o
  CC      kernel/configs.o
  CC      crypto/md4.o
  CC      fs/fat/inode.o
  CC      mm/cma.o
  CC      fs/fuse/file.o
  LD      kernel/built-in.o
  CC      fs/fat/misc.o
  CC      mm/cma_debug.o
  CC      crypto/md5.o
  CC      block/bio.o
  CC      mm/usercopy.o
  CC      fs/fat/nfs.o
  CC      fs/fat/namei_vfat.o
  CC      crypto/sha1_generic.o
  CC      fs/ext4/ext4_jbd2.o
  LD      mm/built-in.o
  CC      fs/fat/namei_msdos.o
  CC      crypto/sha256_generic.o
  LD      fs/fat/fat.o
  CC      fs/ext4/migrate.o
  CC      drivers/amba/bus.o
  CC      fs/fuse/inode.o
  LD      fs/fat/vfat.o
  CC      crypto/sha512_generic.o
  CC      fs/ext4/mballoc.o
  LD      fs/fat/msdos.o
  LD      fs/fat/built-in.o
  CC      fs/jbd2/transaction.o
  CC      block/elevator.o
  LD      drivers/amba/built-in.o
  LD      drivers/auxdisplay/built-in.o
  CC      drivers/base/component.o
  CC      crypto/gf128mul.o
  CC      fs/ext4/block_validity.o
  CC      crypto/ecb.o
  CC      fs/fuse/control.o
  CC      crypto/cbc.o
  CC      crypto/xts.o
  CC      fs/ext4/move_extent.o
  CC      drivers/base/core.o
  CC      block/blk-core.o
  CC      fs/fuse/shortcircuit.o
  CC      fs/jbd2/commit.o
  CC      crypto/ctr.o
  CC      crypto/gcm.o
  CC      fs/ext4/mmp.o
  LD      fs/fuse/fuse.o
  LD      fs/fuse/built-in.o
  CC      fs/kernfs/mount.o
  CC      crypto/cryptd.o
  CC      drivers/base/bus.o
  CC      fs/ext4/indirect.o
  CC      fs/kernfs/inode.o
  CC      fs/jbd2/recovery.o
  CC      crypto/des_generic.o
  CC      crypto/twofish_generic.o
  CC      fs/ext4/extents_status.o
  CC      fs/kernfs/dir.o
  CC      drivers/base/dd.o
  CC      fs/jbd2/checkpoint.o
  CC      crypto/twofish_common.o
  CC      fs/kernfs/file.o
  CC      drivers/base/syscore.o
  CC      fs/ext4/xattr.o
  CC      block/blk-tag.o
  CC      crypto/aes_generic.o
  CC      crypto/arc4.o
  CC      fs/jbd2/revoke.o
  CC      fs/ext4/xattr_user.o
  CC      drivers/base/driver.o
  CC      fs/kernfs/symlink.o
  CC      block/blk-sysfs.o
  CC      crypto/deflate.o
  CC      crypto/crc32c_generic.o
  CC      fs/ext4/xattr_trusted.o
  CC      drivers/base/class.o
  CC      fs/jbd2/journal.o
  LD      fs/kernfs/built-in.o
  CC      fs/nls/nls_base.o
  CC      crypto/crc32.o
  CC      fs/ext4/inline.o
  CC      crypto/authenc.o
  CC      fs/ext4/readpage.o
  CC      block/blk-flush.o
  CC      crypto/authencesn.o
  CC      fs/nls/nls_cp437.o
  CC      drivers/base/platform.o
  CC      fs/nls/nls_ascii.o
  CC      block/blk-settings.o
  CC      crypto/rng.o
  CC      fs/ext4/xattr_security.o
  CC      fs/nls/nls_iso8859-1.o
  CC      crypto/krng.o
  CC      drivers/base/cpu.o
  CC      drivers/base/firmware.o
  CC      crypto/ghash-generic.o
  CC      drivers/block/brd.o
  LD      fs/ext4/ext4.o
  LD      fs/nls/built-in.o
  CC      fs/notify/fsnotify.o
  CC      block/blk-ioc.o
  LD      fs/ext4/built-in.o
  CC      drivers/base/init.o
  CC      fs/ntfs/aops.o
  CC      drivers/base/map.o
  LD      fs/jbd2/jbd2.o
  LD      fs/jbd2/built-in.o
  CC      fs/proc/task_mmu.o
  CC      drivers/base/devres.o
  CC      block/blk-map.o
  CC      crypto/ablk_helper.o
  CC      fs/notify/notification.o
  CC      drivers/block/loop.o
  CC      drivers/base/attribute_container.o
  CC      fs/ntfs/attrib.o
  CC [M]  crypto/ansi_cprng.o
  CC      drivers/base/transport_class.o
  CC      drivers/base/topology.o
  CC      fs/notify/group.o
  CC      block/blk-exec.o
  CC      fs/proc/inode.o
  CC      drivers/base/container.o
  CC      drivers/base/property.o
  LD      crypto/crypto.o
  LD      crypto/crypto_algapi.o
  LD      crypto/crypto_blkcipher.o
  LD      crypto/crypto_hash.o
  CC      fs/ntfs/collate.o
  LD      crypto/cryptomgr.o
  LD      crypto/built-in.o
  CC      drivers/base/cacheinfo.o
  CC      fs/notify/inode_mark.o
  CC      block/blk-merge.o
  CC      fs/proc/root.o
  CC      sound/sound_core.o
  CC      drivers/base/dma-contiguous.o
  CC      fs/ntfs/compress.o
  LD      drivers/block/built-in.o
  CC      drivers/bluetooth/bluetooth-power.o
  CC      fs/proc/base.o
  CC      drivers/base/power/sysfs.o
  LD      sound/arm/built-in.o
  CC      block/blk-softirq.o
  CC      fs/notify/mark.o
  LD      sound/atmel/built-in.o
  CC      sound/core/sound.o
  CC      block/blk-timeout.o
  LD      drivers/bluetooth/built-in.o
  LD      drivers/bus/built-in.o
  LD      drivers/cdrom/built-in.o
  CC      drivers/char/mem.o
  CC      fs/notify/vfsmount_mark.o
  CC      drivers/base/power/generic_ops.o
  CC      block/blk-iopoll.o
  CC      block/blk-lib.o
  CC      fs/ntfs/debug.o
  CC      sound/core/init.o
  CC      drivers/base/power/common.o
  CC      drivers/char/random.o
  CC      fs/notify/fdinfo.o
  CC      fs/ntfs/dir.o
  CC      block/blk-mq.o
  CC      block/blk-mq-tag.o
  CC      drivers/base/power/qos.o
  CC      fs/proc/generic.o
  CC      sound/core/memory.o
  CC      fs/notify/dnotify/dnotify.o
  CC      sound/core/info.o
  CC      fs/ntfs/file.o
  CC      drivers/base/power/runtime.o
  LD      fs/notify/dnotify/built-in.o
  LD      fs/notify/fanotify/built-in.o
  CC      block/blk-mq-sysfs.o
  CC      fs/proc/array.o
  CC      fs/notify/inotify/inotify_fsnotify.o
  CC      drivers/char/misc.o
  CC      sound/core/control.o
  CC      fs/ntfs/index.o
  CC      fs/notify/inotify/inotify_user.o
  CC      block/blk-mq-cpu.o
  CC      block/blk-mq-cpumap.o
  CC      drivers/base/power/main.o
  CC      fs/proc/fd.o
  CC      drivers/char/msm_smd_pkt.o
  CC      fs/ntfs/inode.o
  CC      block/ioctl.o
  LD      fs/notify/inotify/built-in.o
  LD      fs/notify/built-in.o
  CC      block/genhd.o
  CC      fs/pstore/inode.o
  CC      fs/proc/proc_tty.o
  CC      block/scsi_ioctl.o
  CC      sound/core/misc.o
  CC      fs/pstore/platform.o
  CC      fs/proc/cmdline.o
  LD      drivers/char/agp/built-in.o
  CC      drivers/base/power/wakeup.o
  CC      drivers/char/diag/diagchar_core.o
  CC      fs/ntfs/mft.o
  CC      sound/core/device.o
  CC      fs/proc/consoles.o
  CC      block/partition-generic.o
  CC      fs/pstore/pmsg.o
  CC      block/ioprio.o
  CC      sound/core/jack.o
  CC      fs/ntfs/mst.o
  CC      fs/proc/cpuinfo.o
  CC      drivers/base/power/opp/core.o
  CC      fs/pstore/ram.o
  CC      fs/ntfs/namei.o
  CC      block/partitions/check.o
  CC      sound/core/hwdep.o
  CC      fs/proc/devices.o
  CC      block/bounce.o
  CC      fs/pstore/ram_core.o
  CC      fs/proc/interrupts.o
  CC      fs/ntfs/runlist.o
  CC      block/partitions/msdos.o
  CC      drivers/base/power/opp/cpu.o
  CC      block/bsg.o
  CC      drivers/char/diag/diagchar_hdlc.o
  CC      sound/core/timer.o
  CC      fs/proc/loadavg.o
  LD      fs/pstore/pstore.o
  LD      fs/pstore/ramoops.o
  LD      fs/pstore/built-in.o
  CC      block/partitions/efi.o
  LD      fs/quota/built-in.o
  CC      fs/ramfs/inode.o
  LD      drivers/base/power/opp/built-in.o
  CC      drivers/base/power/clock_ops.o
  CC      fs/proc/meminfo.o
  CC      drivers/char/diag/diagfwd.o
  CC      fs/ntfs/super.o
  CC      fs/ramfs/file-mmu.o
  CC      fs/proc/stat.o
  CC      block/noop-iosched.o
  LD      drivers/base/power/built-in.o
  CC      drivers/base/regmap/regmap.o
  LD      block/partitions/built-in.o
  CC      block/deadline-iosched.o
  LD      fs/ramfs/ramfs.o
  LD      fs/ramfs/built-in.o
  CC      sound/core/pcm.o
  CC      fs/sdcardfs/dentry.o
  CC      block/cfq-iosched.o
  CC      fs/proc/uptime.o
  CC      drivers/char/diag/diagfwd_peripheral.o
  CC      fs/ntfs/sysctl.o
  CC      fs/ntfs/unistr.o
  CC      block/compat_ioctl.o
  CC      fs/sdcardfs/file.o
  CC      fs/proc/version.o
  CC      sound/core/pcm_native.o
  CC      fs/ntfs/upcase.o
  CC      fs/proc/softirqs.o
  CC      drivers/char/diag/diagfwd_smd.o
  CC      fs/sdcardfs/inode.o
  CC [M]  block/test-iosched.o
  LD      fs/ntfs/ntfs.o
  LD      fs/ntfs/built-in.o
  CC      fs/sysfs/file.o
  CC      drivers/clk/clk-devres.o
  CC      fs/proc/namespaces.o
  CC      drivers/base/regmap/regcache.o
  CC      drivers/char/diag/diagfwd_socket.o
  CC      fs/sdcardfs/main.o
  CC      drivers/clk/clkdev.o
  CC      fs/sysfs/dir.o
  CC      fs/proc/self.o
  LD      block/built-in.o
  CC      drivers/base/regmap/regcache-rbtree.o
  CC      fs/sysfs/symlink.o
  CC      fs/sdcardfs/super.o
  LD      firmware/built-in.o
  CC      drivers/clk/clk.o
  CC      fs/proc/thread_self.o
  CC      drivers/char/diag/diag_mux.o
  CC      net/socket.o
  CC      fs/sdcardfs/lookup.o
  CC      fs/sysfs/mount.o
  CC      drivers/base/regmap/regcache-lzo.o
  CC      fs/proc/proc_sysctl.o
  CC      sound/core/pcm_lib.o
  CC      drivers/clk/msm/clock.o
  CC      drivers/char/diag/diag_memorydevice.o
  CC      fs/sysfs/group.o
  CC      fs/sdcardfs/mmap.o
  CC      drivers/base/regmap/regcache-flat.o
  LD      fs/sysfs/built-in.o
  CC      fs/tracefs/inode.o
  CC      drivers/base/regmap/regmap-debugfs.o
  CC      drivers/char/diag/diag_usb.o
  CC      fs/sdcardfs/packagelist.o
  CC      fs/proc/proc_net.o
  LD      fs/tracefs/tracefs.o
  LD      fs/tracefs/built-in.o
  CC      fs/eventpoll.o
  CC      drivers/clk/msm/clock-dummy.o
  CC      drivers/char/diag/diagmem.o
  CC      drivers/base/regmap/regmap-i2c.o
  CC      fs/proc/kmsg.o
  CC      sound/core/pcm_timer.o
  CC      net/802/p8022.o
  CC      drivers/clk/msm/clock-generic.o
  CC      drivers/char/diag/diagfwd_cntl.o
  CC      drivers/base/regmap/regmap-spi.o
  CC      fs/proc/page.o
  CC      sound/core/pcm_misc.o
  CC      fs/anon_inodes.o
  CC      net/802/psnap.o
  CC      drivers/clk/msm/clock-local2.o
  CC      drivers/base/regmap/regmap-swr.o
  CC      fs/signalfd.o
  LD      fs/proc/proc.o
  CC      fs/sdcardfs/derived_perm.o
  LD      fs/proc/built-in.o
  CC      sound/core/pcm_memory.o
  CC      fs/timerfd.o
  CC      drivers/char/diag/diag_dci.o
  LD      drivers/base/regmap/built-in.o
  CC      net/802/stp.o
  CC      drivers/base/dma-mapping.o
  LD      fs/sdcardfs/sdcardfs.o
  LD      fs/sdcardfs/built-in.o
  CC      fs/eventfd.o
  CC      fs/aio.o
  CC      drivers/char/hw_random/core.o
  CC      sound/core/memalloc.o
  CC      drivers/base/dma-coherent.o
  LD      net/802/built-in.o
  CC      net/bluetooth/af_bluetooth.o
  CC      drivers/clk/msm/clock-pll.o
  CC      fs/locks.o
  CC      sound/core/rawmidi.o
  CC      drivers/char/hw_random/msm_rng.o
  CC      drivers/base/dma-removed.o
  CC      drivers/char/diag/diag_masks.o
  LD      drivers/char/hw_random/rng-core.o
  CC      fs/compat.o
  LD      drivers/char/hw_random/built-in.o
  CC      drivers/char/adsprpc.o
  CC      drivers/clk/msm/clock-alpha-pll.o
  CC      net/bluetooth/hci_core.o
  CC      drivers/base/firmware_class.o
  CC      sound/core/compress_offload.o
  CC      fs/compat_ioctl.o
  CC      drivers/char/diag/diag_debugfs.o
  CC      drivers/clk/msm/clock-rpm.o
  LD      sound/core/snd.o
  CC      drivers/base/module.o
  LD      sound/core/snd-hwdep.o
  LD      sound/core/snd-timer.o
  LD      sound/core/snd-pcm.o
  LD      sound/core/snd-rawmidi.o
  LD      sound/core/snd-compress.o
  LD      sound/core/built-in.o
  CC      drivers/char/adsprpc_compat.o
  LD      sound/drivers/mpu401/built-in.o
  CC      drivers/clk/msm/clock-voter.o
  CC      fs/binfmt_script.o
  LD      sound/drivers/opl3/built-in.o
  CC      drivers/char/diag/diagfwd_bridge.o
  LD      sound/drivers/opl4/built-in.o
  LD      sound/drivers/pcsp/built-in.o
  CC      drivers/base/soc.o
  LD      sound/drivers/vx/built-in.o
  LD      sound/drivers/built-in.o
  LD      sound/firewire/built-in.o
  LD      sound/i2c/other/built-in.o
  CC      drivers/clk/msm/clock-pm.o
  CC      fs/binfmt_elf.o
  LD      sound/i2c/built-in.o
  CC      fs/compat_binfmt_elf.o
  LD      sound/isa/ad1816a/built-in.o
  CC [M]  drivers/char/rdbg.o
  LD      sound/isa/ad1848/built-in.o
  CC      drivers/base/pinctrl.o
  CC      drivers/char/diag/diagfwd_mhi.o
  LD      sound/isa/cs423x/built-in.o
  LD      sound/isa/es1688/built-in.o
  LD      sound/isa/galaxy/built-in.o
  LD      sound/isa/gus/built-in.o
  LD      sound/isa/msnd/built-in.o
  LD      sound/isa/opti9xx/built-in.o
  CC      drivers/clk/msm/msm-clock-controller.o
  LD      sound/isa/sb/built-in.o
  CC      drivers/base/devcoredump.o
  LD      sound/isa/wavefront/built-in.o
  LD      sound/isa/wss/built-in.o
  LD      sound/isa/built-in.o
  LD      sound/mips/built-in.o
  LD      drivers/char/diag/diagchar.o
  LD      sound/parisc/built-in.o
  LD      drivers/char/diag/built-in.o
  LD      arch/arm64/lib/built-in.o
  LD      sound/pci/ac97/built-in.o
  LD      drivers/char/built-in.o
  CC      net/bluetooth/hci_conn.o
  AS      arch/arm64/lib/bitops.o
  LD      sound/pci/ali5451/built-in.o
  CC      drivers/clocksource/clksrc-of.o
  LD      sound/pci/asihpi/built-in.o
  CC      fs/mbcache.o
  AS      arch/arm64/lib/clear_page.o
  LD      sound/pci/au88x0/built-in.o
  CC      fs/posix_acl.o
  LD      sound/pci/aw2/built-in.o
  CC      drivers/base/superuser.o
  AS      arch/arm64/lib/clear_user.o
  LD      sound/pci/ca0106/built-in.o
  LD      sound/pci/cs46xx/built-in.o
  LD      sound/pci/cs5535audio/built-in.o
  AS      arch/arm64/lib/copy_from_user.o
  CC      drivers/clk/msm/clock-debug.o
  CC      drivers/clocksource/arm_arch_timer.o
  LD      sound/pci/ctxfi/built-in.o
  LD      sound/pci/echoaudio/built-in.o
  AS      arch/arm64/lib/copy_in_user.o
  LD      sound/pci/emu10k1/built-in.o
  LD      sound/pci/hda/built-in.o
drivers/base/superuser.c: In function 'new_execve':
drivers/base/superuser.c:97:2: warning: format '%u' expects argument of type 'unsigned int', but argument 2 has type 'uid_t *' [-Wformat=]
error, forbidden warning: superuser.c:97
  LD      sound/pci/ice1712/built-in.o
  AS      arch/arm64/lib/copy_page.o
  LD      sound/pci/korg1212/built-in.o
  LD      sound/pci/lola/built-in.o
  CC      fs/coredump.o
  AS      arch/arm64/lib/copy_to_user.o
  LD      sound/pci/lx6464es/built-in.o
  CC      lib/lockref.o
  LD      sound/pci/mixart/built-in.o
  CC      fs/drop_caches.o
  CC      drivers/clocksource/dummy_timer.o
  LD      sound/pci/nm256/built-in.o
  CC      arch/arm64/lib/delay.o
  LD      sound/pci/oxygen/built-in.o
  CC      drivers/clk/msm/clock-gcc-8996.o
  LD      sound/pci/pcxhr/built-in.o
  LD      sound/pci/riptide/built-in.o
  LD      sound/pci/rme9652/built-in.o
  CC      lib/bcd.o
  LD      sound/pci/trident/built-in.o
  LD      sound/pci/vx222/built-in.o
  AS      arch/arm64/lib/memchr.o
  LD      sound/pci/ymfpci/built-in.o
  CC      net/bluetooth/hci_event.o
  CC      lib/div64.o
  CC      fs/dcookies.o
  LD      sound/pci/built-in.o
  LD      drivers/clocksource/built-in.o
  LD      sound/pcmcia/pdaudiocf/built-in.o
  AS      arch/arm64/lib/memcmp.o
  LD      sound/pcmcia/vx/built-in.o
  LD      sound/pcmcia/built-in.o
  CC      lib/sort.o
  LD      sound/ppc/built-in.o
  AS      arch/arm64/lib/memcpy.o
  CC      drivers/clk/msm/clock-mmss-8996.o
  LD      sound/sh/built-in.o
  CC      sound/soc/soc-core.o
  LD      sound/sparc/built-in.o
  LD      sound/spi/built-in.o
  AS      arch/arm64/lib/memmove.o
  LD      sound/synth/built-in.o
  CC      sound/usb/card.o
  AS      arch/arm64/lib/memset.o
  CC      net/bridge/br.o
  CC      lib/parser.o
  LD      fs/built-in.o
  AS      arch/arm64/lib/strchr.o
  AS      arch/arm64/lib/strcmp.o
  AS      arch/arm64/lib/strlen.o
  CC      sound/usb/clock.o
  AS      arch/arm64/lib/strncmp.o
  CC      lib/halfmd4.o
  CC      drivers/clk/msm/clock-cpu-8996.o
  AS      arch/arm64/lib/strnlen.o
  CC      net/bridge/br_device.o
  CC      lib/debug_locks.o
  AS      arch/arm64/lib/strrchr.o
  AR      arch/arm64/lib/lib.a
  LD      drivers/firmware/efi/libstub/built-in.o
  CC      lib/random32.o
  CC      drivers/firmware/efi/libstub/arm-stub.o
  CC      sound/usb/endpoint.o
  CC      drivers/clk/msm/gdsc.o
  DTC     arch/arm64/boot/dts/15801_DVT/msm8996-v3-pmi8996-mtp_15801_DVT.dtb
  CC      lib/bust_spinlocks.o
  CC      drivers/firmware/efi/libstub/efi-stub-helper.o
  CC      net/bridge/br_fdb.o
  CC      lib/hexdump.o
  CC      drivers/clk/msm/mdss/mdss-pll-util.o
  CC      net/bluetooth/mgmt.o
  CC      lib/kasprintf.o
  CC      drivers/firmware/efi/libstub/fdt.o
  CC      sound/usb/format.o
  CC      lib/bitmap.o
  AR      drivers/firmware/efi/libstub/lib.a
  CC      drivers/clk/msm/mdss/mdss-pll.o
  CC      sound/last.o
  CC      sound/soc/soc-dapm.o
  CC      sound/usb/helper.o
  CC      net/bridge/br_forward.o
  CC      lib/scatterlist.o
  LD      sound/soundcore.o
  DTC     arch/arm64/boot/dts/15801_PVT/msm8996-v3-pmi8996-mtp_15801_PVT.dtb
  CC      drivers/clk/msm/mdss/mdss-dsi-pll-util.o
  CC      sound/usb/mixer.o
  CC      lib/gcd.o
  CC      net/bridge/br_if.o
  CC      lib/lcm.o
  CC      drivers/clk/msm/mdss/mdss-dsi-pll-28lpm.o
  CC      lib/list_sort.o
  CC      drivers/clk/msm/mdss/mdss-dsi-pll-8996.o
  CC      lib/uuid.o
  CC      drivers/clk/msm/mdss/mdss-dsi-pll-8996-util.o
  CC      lib/flex_array.o
  DTC     arch/arm64/boot/dts/15811_PVT/msm8996pro-pmi8996-mtp_15811_PVT.dtb
  CC      net/bridge/br_input.o
  CC      sound/usb/mixer_quirks.o
  CC      lib/iovec.o
  CC      sound/soc/soc-jack.o
  CC      lib/clz_ctz.o
  CC      net/bluetooth/hci_sock.o
  CC      lib/bsearch.o
  CC      drivers/clk/msm/mdss/mdss-hdmi-pll-8996.o
  CC      lib/find_last_bit.o
  CC      net/bridge/br_ioctl.o
  CC      sound/soc/soc-cache.o
  CC      lib/find_next_bit.o
  CC      sound/usb/pcm.o
  CC      lib/llist.o
  CC      lib/memweight.o
  DTC     arch/arm64/boot/dts/15811_PVT2/msm8996pro-pmi8996-mtp_15811_PVT2.dtb
  CC      sound/soc/soc-utils.o
  LD      drivers/clk/msm/mdss/built-in.o
  CC      net/bluetooth/hci_sysfs.o
  LD      drivers/clk/msm/built-in.o
  CC      lib/kfifo.o
  LD      drivers/clk/built-in.o
  CC      net/bridge/br_stp.o
  DTC     arch/arm64/boot/dts/15811_PVT/msm8996pro-v1.1-pmi8994-mtp_15811_PVT.dtb
  CC      sound/usb/proc.o
  CC      sound/soc/soc-pcm.o
  CC      net/bluetooth/l2cap_core.o
  CC      lib/percpu-refcount.o
  CC      net/core/sock.o
  CC      lib/percpu_ida.o
  CC      net/bridge/br_stp_bpdu.o
  CC      sound/usb/quirks.o
  CC      lib/hash.o
  CC      lib/rhashtable.o
  CC      net/bridge/br_stp_if.o
  CC      sound/usb/stream.o
  CC      sound/soc/soc-compress.o
  CC      lib/reciprocal_div.o
  CC      lib/string_helpers.o
  CC      lib/kstrtox.o
  CC      sound/soc/soc-io.o
  CC      net/bridge/br_stp_timer.o
  CC      sound/usb/midi.o
  CC      net/core/request_sock.o
  CC      lib/iomap.o
  CC      sound/soc/soc-devres.o
  DTC     arch/arm64/boot/dts/15811_PVT2/msm8996pro-v1.1-pmi8994-mtp_15811_PVT2.dtb
  DTC     arch/arm64/boot/dts/15811_PVT3/msm8996pro-pmi8996-mtp_15811_PVT3.dtb
  CC      net/bridge/br_netlink.o
  CC      net/bluetooth/l2cap_sock.o
  LD      sound/soc/adi/built-in.o
  CC      net/core/skbuff.o
  LD      sound/soc/atmel/built-in.o
  CC      lib/pci_iomap.o
  LD      sound/soc/au1x/built-in.o
  LD      sound/soc/bcm/built-in.o
  LD      sound/soc/blackfin/built-in.o
  LD      sound/usb/6fire/built-in.o
  LD      sound/soc/cirrus/built-in.o
  CC      sound/soc/codecs/msm_hdmi_codec_rx.o
  LD      sound/usb/bcd2000/built-in.o
  CC      lib/iomap_copy.o
  LD      sound/usb/caiaq/built-in.o
  LD      sound/usb/hiface/built-in.o
  LD      sound/usb/misc/built-in.o
  LD      sound/usb/usx2y/built-in.o
  CC      net/bridge/br_sysfs_if.o
  LD      sound/usb/snd-usb-audio.o
  CC      lib/devres.o
  LD      sound/usb/snd-usbmidi-lib.o
  LD      sound/usb/built-in.o
  CC      net/ethernet/eth.o
  CC      sound/soc/codecs/wcd9330.o
  CC      lib/hweight.o
  CC      net/bluetooth/smp.o
  CC      lib/bitrev.o
  CC      net/bridge/br_sysfs_br.o
  LD      net/ethernet/built-in.o
  CC      net/ipc_router/ipc_router_core.o
  CC      lib/crc-ccitt.o
  CC      lib/crc16.o
  CC      net/core/iovec.o
  HOSTCC  lib/gen_crc32table
  DTC     arch/arm64/boot/dts/15811_PVT3/msm8996pro-v1.1-pmi8994-mtp_15811_PVT3.dtb
  CC      net/bridge/br_nf_core.o
  CC      net/bluetooth/sco.o
  CC      net/core/datagram.o
  CC      lib/libcrc32c.o
  CC      net/core/stream.o
  CC      lib/genalloc.o
  CC      net/bridge/br_multicast.o
  CC      sound/soc/codecs/wcd9330-tables.o
  CC      net/bluetooth/lib.o
  CC      net/core/scm.o
  CC      lib/lzo/lzo1x_compress.o
  CC      net/ipc_router/ipc_router_socket.o
  CC      net/core/gen_stats.o
  CC      sound/soc/codecs/wcd9335.o
  CC      lib/lzo/lzo1x_decompress_safe.o
  CC      net/bluetooth/a2mp.o
  LD      lib/lzo/lzo_compress.o
  LD      lib/lzo/lzo_decompress.o
  CC      net/bridge/br_mdb.o
  LD      lib/lzo/built-in.o
  CC      lib/reed_solomon/reed_solomon.o
  CC      net/core/gen_estimator.o
  CC      net/bridge/netfilter/ebtables.o
  CC      net/ipc_router/ipc_router_security.o
  LD      lib/reed_solomon/built-in.o
  CC      lib/zlib_deflate/deflate.o
  CC      net/bluetooth/amp.o
  CC [M]  net/bridge/br_netfilter.o
  CC      net/core/net_namespace.o
  CC      sound/soc/codecs/wcdcal-hwdep.o
  LD      net/ipc_router/built-in.o
  CC      lib/zlib_deflate/deftree.o
  CC      net/ipv4/route.o
  CC      net/bluetooth/bnep/core.o
  CC      sound/soc/codecs/audio-ext-clk.o
  CC      net/bridge/netfilter/ebtable_broute.o
  CC      net/core/secure_seq.o
  CC      lib/zlib_deflate/deflate_syms.o
  CC      sound/soc/codecs/wcd9xxx-resmgr.o
  CC      net/ipv6/af_inet6.o
  CC      net/core/flow_dissector.o
  CC      net/bluetooth/bnep/sock.o
  LD      lib/zlib_deflate/zlib_deflate.o
  LD      net/bridge/netfilter/built-in.o
  LD      lib/zlib_deflate/built-in.o
  LD      net/bridge/bridge.o
  CC      lib/zlib_inflate/inffast.o
  LD      net/bridge/built-in.o
  CC      net/key/af_key.o
  CC      lib/zlib_inflate/inflate.o
  CC      sound/soc/codecs/wcd9xxx-mbhc.o
  CC      net/bluetooth/bnep/netdev.o
  CC      net/core/sysctl_net_core.o
  CC      net/ipv4/inetpeer.o
  CC      net/ipv6/anycast.o
  CC      sound/soc/codecs/wcd9xxx-common.o
  CC      lib/zlib_inflate/infutil.o
  CC      net/core/dev.o
  LD      net/bluetooth/bnep/bnep.o
  LD      net/bluetooth/bnep/built-in.o
  CC      net/bluetooth/hidp/core.o
  CC      lib/zlib_inflate/inftrees.o
  CC      net/ipv4/protocol.o
  CC      lib/zlib_inflate/inflate_syms.o
  CC      net/ipv6/ip6_output.o
  LD      lib/zlib_inflate/zlib_inflate.o
  LD      lib/zlib_inflate/built-in.o
  CC      sound/soc/codecs/wcd9xxx-common-v2.o
  CC      lib/textsearch.o
  LD      net/key/built-in.o
  CC      net/l2tp/l2tp_core.o
  CC      net/ipv4/ip_input.o
  CC      sound/soc/codecs/wcd9xxx-resmgr-v2.o
  CC      lib/ts_kmp.o
  CC      net/bluetooth/hidp/sock.o
  CC      sound/soc/codecs/wcd_cpe_services.o
  CC      lib/ts_bm.o
  CC      net/ipv4/ip_fragment.o
  CC      sound/soc/codecs/wcd_cpe_core.o
  LD      net/bluetooth/hidp/hidp.o
  LD      net/bluetooth/hidp/built-in.o
  CC      net/bluetooth/rfcomm/core.o
  CC      lib/ts_fsm.o
  CC      net/l2tp/l2tp_ppp.o
  CC      net/ipv6/ip6_input.o
  CC      lib/percpu_counter.o
  CC      net/ipv4/ip_forward.o
  CC      sound/soc/codecs/wcd-mbhc-v2.o
  CC      lib/audit.o
  CC      net/bluetooth/rfcomm/sock.o
  CC      net/ipv6/addrconf.o
  CC      net/core/ethtool.o
  CC      net/ipv4/ip_options.o
  CC      net/l2tp/l2tp_ip.o
  CC      sound/soc/codecs/wsa881x.o
  CC      lib/compat_audit.o
  CC      lib/swiotlb.o
  CC      net/bluetooth/rfcomm/tty.o
  CC      net/l2tp/l2tp_netlink.o
  CC      sound/soc/codecs/wsa881x-tables.o
  CC      net/ipv4/ip_output.o
  CC      sound/soc/codecs/wsa881x-regmap.o
  CC      lib/iommu-helper.o
  CC      sound/soc/codecs/wsa881x-temp-sensor.o
  CC      lib/syscall.o
  CC      net/core/dev_addr_lists.o
  CC      sound/soc/codecs/msm_stub.o
  CC      lib/nlattr.o
  CC      sound/soc/codecs/tfa9890/tfa98xx.o
  CC      net/l2tp/l2tp_eth.o
  CC      sound/soc/codecs/tfa9890/tfa_dsp.o
  LD      net/bluetooth/rfcomm/rfcomm.o
  LD      net/bluetooth/rfcomm/built-in.o
  LD      net/bluetooth/bluetooth.o
  CC      net/core/dst.o
  LD      net/bluetooth/built-in.o
  CC      lib/checksum.o
  CC      sound/soc/codecs/tfa9890/tfa_container.o
  CC      net/llc/llc_core.o
  CC      net/ipv6/addrlabel.o
  CC      net/ipv4/ip_sockglue.o
  CC      lib/cpu_rmap.o
  CC      lib/dynamic_queue_limits.o
  CC      net/l2tp/l2tp_debugfs.o
  CC      net/core/netevent.o
  CC      net/llc/llc_input.o
  LD      sound/soc/codecs/snd-soc-wcd9330.o
  LD      sound/soc/codecs/snd-soc-wcd9335.o
  LD      sound/soc/codecs/audio-ext-clock.o
  LD      sound/soc/codecs/snd-soc-wcd9xxx.o
  LD      sound/soc/codecs/snd-soc-wcd9xxx-v2.o
  CC      net/ipv6/route.o
  LD      sound/soc/codecs/snd-soc-wcd-cpe.o
  LD      sound/soc/codecs/snd-soc-wcd-mbhc.o
  LD      sound/soc/codecs/snd-soc-wsa881x.o
  LD      sound/soc/codecs/snd-soc-wsa881x-sensor.o
  CC      lib/strncpy_from_user.o
  LD      sound/soc/codecs/snd-soc-msm-stub.o
  CC      net/l2tp/l2tp_ip6.o
  LD      sound/soc/codecs/snd-soc-tfa9890.o
  LD      sound/soc/codecs/built-in.o
  CC      lib/strnlen_user.o
  LD      sound/soc/davinci/built-in.o
  CC      net/core/neighbour.o
  LD      sound/soc/dwc/built-in.o
  CC      net/ipv4/inet_hashtables.o
  LD      sound/soc/fsl/built-in.o
  CC      net/llc/llc_output.o
  LD      sound/soc/generic/built-in.o
  CC      net/netfilter/core.o
  LD      sound/soc/intel/built-in.o
  CC      lib/net_utils.o
  LD      sound/soc/jz4740/built-in.o
  LD      sound/soc/kirkwood/built-in.o
  CC      sound/soc/msm/msm-pcm-hostless.o
  CC      lib/ucs2_string.o
  LD      net/llc/llc.o
  LD      net/llc/built-in.o
  LD      net/l2tp/built-in.o
  CC      net/netlink/af_netlink.o
  CC      net/packet/af_packet.o
  CC      net/netfilter/nf_log.o
  CC      sound/soc/msm/qdsp6v2/msm-dai-slim.o
  CC      lib/qmi_encdec.o
  CC      net/ipv4/inet_timewait_sock.o
  CC      sound/soc/msm/qdsp6v2/audio_slimslave.o
  CC      net/netfilter/nf_queue.o
  CC      lib/argv_split.o
  CC      lib/bug.o
  CC      net/ipv4/inet_connection_sock.o
  CC      net/core/rtnetlink.o
  CC      net/ipv6/ip6_fib.o
  CC      sound/soc/msm/qdsp6v2/msm-dai-q6-v2.o
  CC      lib/cmdline.o
  CC      net/netfilter/nf_sockopt.o
  CC      net/netlink/genetlink.o
  CC      lib/cpumask.o
  CC      lib/ctype.o
  CC      net/netfilter/nfnetlink.o
  LD      net/packet/built-in.o
  CC      net/rfkill/core.o
  CC      lib/dec_and_lock.o
  CC      net/ipv4/tcp.o
  CC      lib/decompress.o
  CC      lib/decompress_bunzip2.o
  CC      net/ipv6/ipv6_sockglue.o
  LD      net/netlink/built-in.o
  LD      net/rfkill/rfkill.o
  LD      net/rfkill/built-in.o
  CC      net/rmnet_data/rmnet_data_main.o
  CC      net/sched/sch_generic.o
  CC      net/netfilter/nfnetlink_queue_core.o
  CC      net/core/utils.o
  CC      lib/decompress_inflate.o
  CC      sound/soc/msm/qdsp6v2/msm-pcm-q6-v2.o
  CC      lib/decompress_unlzma.o
  CC      net/core/link_watch.o
  CC      net/ipv6/ndisc.o
  CC      net/netfilter/nfnetlink_log.o
  CC      net/sched/sch_mq.o
  CC      net/rmnet_data/rmnet_data_config.o
  CC      sound/soc/msm/qdsp6v2/msm-pcm-routing-v2.o
  CC      net/ipv4/tcp_input.o
  CC      lib/dump_stack.o
  CC      lib/earlycpio.o
  CC      net/core/filter.o
  CC      net/sched/sch_api.o
  CC      lib/extable.o
  CC      net/netfilter/nf_conntrack_core.o
  CC      net/rmnet_data/rmnet_data_vnd.o
  CC      lib/fdt.o
  CC      lib/fdt_empty_tree.o
  CC      net/ipv6/udp.o
  CC      lib/fdt_ro.o
  CC      net/core/sock_diag.o
  CC      lib/fdt_rw.o
  CC      net/rmnet_data/rmnet_data_handlers.o
  CC      net/sched/sch_blackhole.o
  CC      lib/fdt_strerror.o
  CC      net/core/dev_ioctl.o
  CC      lib/fdt_sw.o
  CC      net/netfilter/nf_conntrack_standalone.o
  CC      sound/soc/msm/qdsp6v2/msm-compress-q6-v2.o
  CC      lib/fdt_wip.o
  CC      net/sched/cls_api.o
  CC      lib/flex_proportions.o
  CC      net/core/tso.o
  CC      net/rmnet_data/rmnet_map_data.o
  CC      net/ipv6/udplite.o
  CC      net/ipv4/tcp_output.o
  CC      lib/idr.o
  CC      net/netfilter/nf_conntrack_expect.o
  CC      net/core/flow.o
  CC      net/ipv6/raw.o
  CC      net/sched/act_api.o
  CC      lib/int_sqrt.o
  CC      net/rmnet_data/rmnet_map_command.o
  CC      lib/ioremap.o
  CC      net/netfilter/nf_conntrack_helper.o
  CC      sound/soc/msm/qdsp6v2/msm-pcm-lpa-v2.o
  CC      lib/irq_regs.o
  CC      net/core/net-sysfs.o
  CC      lib/is_single_threaded.o
  CC      net/rmnet_data/rmnet_data_stats.o
  CC      lib/klist.o
  CC      net/sched/act_gact.o
  CC      net/ipv4/tcp_timer.o
  CC      net/ipv6/icmp.o
  CC      net/netfilter/nf_conntrack_proto.o
  CC      sound/soc/msm/qdsp6v2/msm-pcm-afe-v2.o
  CC      lib/kobject.o
  LD      net/rmnet_data/rmnet_data.o
  LD      net/rmnet_data/built-in.o
  CC      net/unix/af_unix.o
  CC      net/sched/act_mirred.o
  CC      lib/kobject_uevent.o
  CC      net/core/net-procfs.o
  CC      net/ipv4/tcp_ipv4.o
  CC      net/netfilter/nf_conntrack_l3proto_generic.o
  CC      sound/soc/msm/qdsp6v2/msm-pcm-voip-v2.o
  CC      net/ipv6/mcast.o
  CC      net/sched/act_skbedit.o
  CC      lib/md5.o
  CC      net/core/fib_rules.o
  CC      net/netfilter/nf_conntrack_proto_generic.o
  CC      lib/plist.o
  CC      lib/proportions.o
  CC      net/unix/garbage.o
  CC      sound/soc/msm/qdsp6v2/msm-pcm-voice-v2.o
  CC      net/sched/sch_fifo.o
  CC      lib/radix-tree.o
  CC      net/netfilter/nf_conntrack_proto_tcp.o
  CC      net/core/net-traces.o
  CC      net/ipv4/tcp_minisocks.o
  CC      net/sched/sch_htb.o
  CC      net/unix/sysctl_net_unix.o
  CC      sound/soc/msm/qdsp6v2/msm-dai-q6-hdmi-v2.o
  CC      lib/ratelimit.o
  CC      lib/rbtree.o
  CC      net/ipv6/reassembly.o
  LD      net/unix/unix.o
  LD      net/unix/built-in.o
  CC      net/wireless/core.o
  CC      sound/soc/msm/qdsp6v2/msm-lsm-client.o
  CC      net/netfilter/nf_conntrack_proto_udp.o
  CC      net/ipv4/tcp_cong.o
  CC      lib/sha1.o
  CC      net/core/sockev_nlmcast.o
  CC      net/sched/sch_ingress.o
  CC      lib/show_mem.o
  CC      lib/string.o
  CC      net/ipv4/tcp_metrics.o
  CC      net/ipv6/tcp_ipv6.o
  CC      net/netfilter/nf_conntrack_extend.o
  LD      net/core/built-in.o
  CC      net/sched/sch_prio.o
  CC      net/xfrm/xfrm_policy.o
  CC      lib/timerqueue.o
  CC      sound/soc/msm/qdsp6v2/msm-pcm-host-voice-v2.o
  CC      lib/vsprintf.o
  CC      net/wireless/sysfs.o
  CC      net/netfilter/nf_conntrack_acct.o
  CC      net/sched/sch_multiq.o
  CC      net/netfilter/nf_conntrack_seqadj.o
  CC      net/ipv4/tcp_fastopen.o
  CC      sound/soc/msm/qdsp6v2/msm-audio-effects-q6-v2.o
  CC      net/ipv6/ping.o
  CC      net/wireless/radiotap.o
  CC      net/sched/cls_u32.o
  CC      net/netfilter/nf_conntrack_ecache.o
  CC      sound/soc/msm/qdsp6v2/msm-pcm-loopback-v2.o
  CC      net/ipv4/tcp_offload.o
  GEN     lib/crc32table.h
  AR      lib/lib.a
  CC      net/ipv6/exthdrs.o
  CC      lib/crc32.o
  CC      net/xfrm/xfrm_state.o
  CC      net/wireless/util.o
  CC      net/netfilter/nf_conntrack_proto_dccp.o
  CC      net/sched/cls_fw.o
  CC      sound/soc/msm/qdsp6v2/adsp_err.o
  LD      lib/built-in.o
  CC      net/ipv4/datagram.o
  CC      sound/soc/msm/msm-dai-fe.o
  CC      net/ipv6/datagram.o
  CC      net/sched/cls_flow.o
  CC      sound/soc/msm/qdsp6v2/msm-pcm-dtmf-v2.o
  CC      sound/soc/msm/msm-cpe-lsm.o
  CC      net/netfilter/nf_conntrack_proto_gre.o
  CC      net/ipv4/raw.o
  CC      net/xfrm/xfrm_hash.o
  CC      sound/soc/msm/qdsp6v2/msm-dai-stub-v2.o
  CC      net/wireless/reg.o
  CC      net/sched/ematch.o
  CC      net/ipv6/ip6_flowlabel.o
  CC      net/xfrm/xfrm_input.o
  CC      net/netfilter/nf_conntrack_proto_sctp.o
  CC      sound/soc/msm/qdsp6v2/msm-pcm-routing-devdep.o
  CC      net/sched/em_cmp.o
  CC      net/ipv4/udp.o
  CC      sound/soc/msm/msm8996.o
  CC      sound/soc/msm/qdsp6v2/msm-ds2-dap-config.o
  CC      net/netfilter/nf_conntrack_proto_udplite.o
  CC      net/xfrm/xfrm_output.o
  CC      net/ipv6/inet6_connection_sock.o
  CC      net/sched/em_nbyte.o
  CC      net/wireless/scan.o
  CC      net/netfilter/nf_conntrack_netlink.o
  CC      net/xfrm/xfrm_sysctl.o
  CC      sound/soc/msm/qdsp6v2/msm-dts-srs-tm-config.o
  CC      net/sched/em_u32.o
  CC      net/ipv6/sysctl_net_ipv6.o
  CC      sound/soc/msm/apq8096-auto.o
  CC      sound/soc/msm/qdsp6v2/msm-qti-pp-config.o
  CC      net/xfrm/xfrm_replay.o
  CC      net/sched/em_meta.o
  CC      net/ipv6/xfrm6_policy.o
  CC      net/wireless/nl80211.o
  CC      net/ipv4/udplite.o
  CC      sound/soc/msm/qdsp6v2/audio_calibration.o
  CC      net/xfrm/xfrm_proc.o
  CC      sound/soc/msm/apq8096-i2c.o
  CC      net/netfilter/nf_conntrack_amanda.o
  CC      net/ipv4/udp_offload.o
  CC      net/ipv6/xfrm6_state.o
  CC      net/sched/em_text.o
  CC      sound/soc/msm/qdsp6v2/audio_cal_utils.o
  CC      net/xfrm/xfrm_algo.o
  CC      net/ipv6/xfrm6_input.o
  LD      sound/soc/msm/snd-soc-hostless-pcm.o
  LD      sound/soc/msm/snd-soc-qdsp6v2.o
  LD      sound/soc/msm/snd-soc-cpe.o
  CC      net/netfilter/nf_conntrack_ftp.o
  LD      sound/soc/msm/snd-soc-msm8996.o
  CC      sound/soc/msm/qdsp6v2/q6adm.o
  LD      net/sched/built-in.o
  CC      net/compat.o
  CC      net/ipv4/arp.o
  CC      sound/soc/msm/qdsp6v2/q6afe.o
  CC      net/xfrm/xfrm_user.o
  CC      net/ipv6/xfrm6_output.o
  CC      net/netfilter/nf_conntrack_h323_main.o
  CC      net/ipv4/icmp.o
  CC      net/sysctl_net.o
  CC      net/ipv6/xfrm6_protocol.o
  CC      net/activity_stats.o
  CC      net/xfrm/xfrm_ipcomp.o
  CC      net/netfilter/nf_conntrack_h323_asn1.o
  CC      net/ipv4/devinet.o
  CC      sound/soc/msm/qdsp6v2/q6asm.o
  CC      net/ipv6/netfilter.o
  CC      net/wireless/mlme.o
  CC      net/netfilter/nf_conntrack_irc.o
  CC      sound/soc/msm/qdsp6v2/q6audio-v2.o
  LD      net/xfrm/built-in.o
  LD      sound/soc/mxs/built-in.o
  LD      sound/soc/nuc900/built-in.o
  LD      sound/soc/omap/built-in.o
  LD      sound/soc/pxa/built-in.o
  CC      net/ipv6/fib6_rules.o
  LD      sound/soc/rockchip/built-in.o
  LD      sound/soc/samsung/built-in.o
  LD      sound/soc/sh/built-in.o
  LD      sound/soc/sirf/built-in.o
  LD      sound/soc/spear/built-in.o
  CC      sound/soc/msm/qdsp6v2/q6voice.o
  LD      sound/soc/tegra/built-in.o
  LD      sound/soc/txx9/built-in.o
  LD      sound/soc/ux500/built-in.o
  CC      net/netfilter/nf_conntrack_broadcast.o
  CC      net/ipv6/proc.o
  CC      net/ipv4/af_inet.o
  CC      net/ipv6/ah6.o
  CC      net/wireless/ibss.o
  CC      net/ipv6/esp6.o
  CC      net/netfilter/nf_conntrack_netbios_ns.o
  CC      net/ipv6/ipcomp6.o
  CC      net/netfilter/nf_conntrack_pptp.o
  CC      net/ipv4/igmp.o
  CC      net/wireless/sme.o
  CC      net/ipv6/xfrm6_tunnel.o
  CC      sound/soc/msm/qdsp6v2/q6core.o
  CC      net/netfilter/nf_conntrack_sane.o
  CC      net/ipv6/tunnel6.o
  CC      net/wireless/chan.o
  CC      net/ipv6/xfrm6_mode_transport.o
  CC      sound/soc/msm/qdsp6v2/rtac.o
  CC      sound/soc/msm/qdsp6v2/q6lsm.o
  CC      net/ipv6/xfrm6_mode_tunnel.o
  CC      net/netfilter/nf_conntrack_tftp.o
  CC      net/wireless/ethtool.o
  CC      net/ipv4/fib_frontend.o
  CC      net/ipv6/xfrm6_mode_beet.o
  CC      net/wireless/mesh.o
  CC      net/netfilter/nf_log_common.o
  CC      net/ipv6/mip6.o
  CC      sound/soc/msm/qdsp6v2/msm-pcm-q6-noirq.o
  LD      sound/soc/msm/qdsp6v2/snd-soc-qdsp6v2.o
  CC      net/ipv4/fib_semantics.o
  CC      net/wireless/ap.o
  CC      net/ipv6/netfilter/ip6_tables.o
  CC      net/ipv4/fib_trie.o
  CC      net/netfilter/nf_nat_core.o
  LD      sound/soc/msm/qdsp6v2/built-in.o
  LD      sound/soc/msm/built-in.o
  CC      net/wireless/trace.o
  LD      sound/soc/snd-soc-core.o
  CC      net/ipv6/sit.o
  LD      sound/soc/built-in.o
  CC      net/wireless/wext-core.o
  LD      sound/built-in.o
  CC      net/ipv4/inet_fragment.o
  CC      net/ipv6/addrconf_core.o
  CC      net/ipv6/netfilter/ip6table_filter.o
  CC      net/netfilter/nf_nat_proto_unknown.o
  CC      net/ipv4/ping.o
  CC      net/wireless/wext-proc.o
  CC      net/ipv4/ip_tunnel_core.o
  CC      net/ipv6/exthdrs_core.o
  CC      net/ipv6/netfilter/ip6table_mangle.o
  CC      net/ipv6/ip6_checksum.o
  CC      net/netfilter/nf_nat_proto_common.o
  CC      net/wireless/wext-spy.o
  CC      net/ipv6/netfilter/ip6table_raw.o
  CC      net/netfilter/nf_nat_proto_udp.o
  CC      net/ipv4/gre_offload.o
  CC      net/ipv4/ip_tunnel.o
  CC      net/ipv6/ip6_icmp.o
  CC      net/ipv6/output_core.o
  CC      net/wireless/wext-priv.o
  CC      net/ipv6/netfilter/nf_conntrack_l3proto_ipv6.o
  CC      net/ipv6/protocol.o
  CC      net/netfilter/nf_nat_proto_tcp.o
  CC      net/ipv4/sysctl_net_ipv4.o
  CC      net/ipv6/ip6_offload.o
  CC      net/ipv6/tcpv6_offload.o
  CC      net/ipv4/sysfs_net_ipv4.o
  CC      net/netfilter/nf_nat_helper.o
  CC      net/ipv6/udp_offload.o
  CC      net/ipv6/netfilter/nf_conntrack_proto_icmpv6.o
  CC      net/ipv6/exthdrs_offload.o
  CC      net/ipv4/proc.o
  CC      net/ipv6/inet6_hashtables.o
  CC      net/ipv6/ip6_udp_tunnel.o
  CC      net/ipv4/fib_rules.o
  LD      net/ipv6/ipv6.o
  CC      net/ipv6/netfilter/nf_defrag_ipv6_hooks.o
  CC      net/netfilter/nf_nat_proto_dccp.o
  CC      net/ipv4/udp_tunnel.o
  CC      net/ipv4/ah4.o
  CC      net/ipv6/netfilter/nf_conntrack_reasm.o
  CC      net/netfilter/nf_nat_proto_udplite.o
  CC      net/netfilter/nf_nat_proto_sctp.o
  CC      net/ipv6/netfilter/nf_log_ipv6.o
  CC      net/ipv4/esp4.o
  CC      net/ipv4/ipcomp.o
  CC      net/ipv4/xfrm4_tunnel.o
  CC      net/ipv6/netfilter/nf_reject_ipv6.o
  CC      net/netfilter/nf_nat_amanda.o
  CC      net/wireless/regdb.o
  CC      net/ipv6/netfilter/ip6t_rpfilter.o
  CC      net/ipv4/tunnel4.o
  CC      net/ipv4/xfrm4_mode_transport.o
  CC      net/ipv4/xfrm4_mode_tunnel.o
  LD      net/wireless/cfg80211.o
  CC      net/ipv4/ipconfig.o
  LD      net/wireless/built-in.o
  CC      net/ipv6/netfilter/ip6t_REJECT.o
  CC      net/netfilter/nf_nat_ftp.o
  LD      net/ipv6/netfilter/nf_conntrack_ipv6.o
  LD      net/ipv6/netfilter/nf_defrag_ipv6.o
  CC      net/netfilter/nf_nat_irc.o
  CC      net/ipv4/netfilter.o
  CC      net/ipv4/inet_diag.o
  CC      net/ipv4/netfilter/nf_conntrack_l3proto_ipv4_compat.o
  CC      net/ipv4/tcp_diag.o
  LD      net/ipv6/netfilter/built-in.o
  CC      net/netfilter/nf_nat_tftp.o
  LD      net/ipv6/built-in.o
  CC      net/netfilter/x_tables.o
  CC      net/ipv4/netfilter/nf_conntrack_l3proto_ipv4.o
  CC      net/ipv4/tcp_cubic.o
  CC      net/netfilter/xt_tcpudp.o
  CC      net/ipv4/netfilter/nf_conntrack_proto_icmp.o
  CC      net/ipv4/xfrm4_policy.o
  CC      net/ipv4/xfrm4_state.o
  CC      net/netfilter/xt_mark.o
  CC      net/ipv4/xfrm4_input.o
  CC      net/ipv4/netfilter/nf_nat_l3proto_ipv4.o
  CC      net/ipv4/xfrm4_output.o
  CC      net/ipv4/netfilter/nf_nat_proto_icmp.o
  CC      net/ipv4/xfrm4_protocol.o
  CC      net/ipv4/netfilter/nf_defrag_ipv4.o
  CC      net/netfilter/xt_connmark.o
  CC      net/netfilter/xt_nat.o
  CC      net/ipv4/netfilter/nf_log_ipv4.o
  CC      net/ipv4/netfilter/nf_reject_ipv4.o
  CC      net/netfilter/xt_CLASSIFY.o
  CC      net/ipv4/netfilter/nf_nat_h323.o
  CC      net/ipv4/netfilter/nf_nat_pptp.o
  CC      net/netfilter/xt_CONNSECMARK.o
  CC      net/netfilter/xt_CT.o
  CC      net/netfilter/xt_LOG.o
  CC      net/netfilter/xt_NETMAP.o
  CC      net/ipv4/netfilter/nf_nat_masquerade_ipv4.o
  CC      net/ipv4/netfilter/nf_nat_proto_gre.o
  CC      net/ipv4/netfilter/ip_tables.o
  CC      net/netfilter/xt_NFLOG.o
  CC      net/netfilter/xt_NFQUEUE.o
  CC      net/netfilter/xt_REDIRECT.o
  CC      net/ipv4/netfilter/iptable_filter.o
  CC      net/ipv4/netfilter/iptable_mangle.o
  CC      net/netfilter/xt_SECMARK.o
  CC      net/ipv4/netfilter/iptable_nat.o
  CC      net/netfilter/xt_TPROXY.o
  CC      net/netfilter/xt_TCPMSS.o
  CC      net/netfilter/xt_TEE.o
  CC      net/ipv4/netfilter/iptable_raw.o
  CC      net/netfilter/xt_TRACE.o
  CC      net/ipv4/netfilter/iptable_security.o
  CC      net/ipv4/netfilter/ipt_ah.o
  CC      net/ipv4/netfilter/ipt_rpfilter.o
  CC      net/netfilter/xt_IDLETIMER.o
  CC      net/ipv4/netfilter/ipt_MASQUERADE.o
  CC      net/netfilter/xt_HARDIDLETIMER.o
  CC      net/netfilter/xt_comment.o
  CC      net/netfilter/xt_connlimit.o
  CC      net/ipv4/netfilter/ipt_REJECT.o
  CC      net/ipv4/netfilter/arp_tables.o
  CC      net/ipv4/netfilter/arpt_mangle.o
  CC      net/netfilter/xt_conntrack.o
  CC      net/netfilter/xt_dscp.o
  CC      net/ipv4/netfilter/arptable_filter.o
  CC      net/netfilter/xt_ecn.o
  LD      net/ipv4/netfilter/nf_conntrack_ipv4.o
  LD      net/ipv4/netfilter/nf_nat_ipv4.o
  CC      net/netfilter/xt_esp.o
  CC      net/netfilter/xt_hashlimit.o
  CC      net/netfilter/xt_helper.o
  CC      net/netfilter/xt_hl.o
  CC      net/netfilter/xt_iprange.o
  CC      net/netfilter/xt_length.o
  CC      net/netfilter/xt_limit.o
  LD      net/ipv4/netfilter/built-in.o
  LD      net/ipv4/built-in.o
  CC      net/netfilter/xt_mac.o
  CC      net/netfilter/xt_multiport.o
  CC      net/netfilter/xt_pkttype.o
  CC      net/netfilter/xt_policy.o
  CC      net/netfilter/xt_qtaguid_print.o
  CC      net/netfilter/xt_qtaguid.o
  CC      net/netfilter/xt_quota.o
  CC      net/netfilter/xt_quota2.o
  CC      net/netfilter/xt_socket.o
  CC      net/netfilter/xt_state.o
  CC      net/netfilter/xt_statistic.o
  CC      net/netfilter/xt_string.o
  CC      net/netfilter/xt_time.o
  CC      net/netfilter/xt_u32.o
  LD      net/netfilter/netfilter.o
  LD      net/netfilter/nfnetlink_queue.o
  LD      net/netfilter/nf_conntrack.o
  LD      net/netfilter/nf_conntrack_h323.o
  LD      net/netfilter/nf_nat.o
  LD      net/netfilter/built-in.o
  LD      net/built-in.o
